2025-10-05 12:20:50, MOVE, v:1, k:carro, mode:DOWN
2025-10-05 12:20:51, MOVE, v:1, k:carro, mode:PICK
2025-10-05 12:22:09, EXEC, v:1, k:carro, mode:FREE, size:70
2025-10-05 12:23:01, EXEC, v:1, k:carro, mode:FREE
2025-10-05 12:24:05, EXEC, v:1, k:carro, mode:FREE, size:70
2025-10-05 12:24:47, EXEC, v:1, k:carro, mode:FREE, size:70
2025-10-05 12:28:01, MOVE, v:1, k:carro, mode:PICK
2025-10-05 12:28:04, EXEC, v:1, k:carro, mode:FULL, rate:100, size:70
2025-10-05 12:31:58, MOVE, v:1, k:carro, mode:BACK
2025-10-05 12:32:34, SELF, v:1, k:carro, rate:100, alone:10, study:1
2025-10-05 12:33:07, MOVE, v:1, k:toalha, mode:PICK
2025-10-05 12:33:09, EXEC, v:1, k:toalha, mode:LOCK, rate:0, size:55
2025-10-05 12:41:45, EXEC, v:1, k:toalha, mode:FREE
2025-10-05 12:44:16, EXEC, v:1, k:toalha, mode:FREE, size:59
2025-10-05 12:44:45, MOVE, v:1, k:toalha, mode:PICK
2025-10-05 12:44:47, EXEC, v:1, k:toalha, mode:LOCK, rate:0
2025-10-05 12:46:02, EXEC, v:1, k:toalha, mode:FREE, size:55
2025-10-05 12:48:52, EXEC, v:1, k:toalha, mode:FREE, size:49
2025-10-05 12:51:16, MOVE, v:1, k:toalha, mode:BACK
2025-10-05 12:51:22, MOVE, v:1, k:enxugar, mode:PICK
2025-10-05 12:51:24, EXEC, v:1, k:enxugar, mode:FULL, rate:0, size:58
2025-10-05 12:52:24, MOVE, v:1, k:enxugar, mode:BACK
2025-10-05 12:52:26, MOVE, v:1, k:toalha, mode:PICK
2025-10-05 12:52:28, EXEC, v:1, k:toalha, mode:LOCK, rate:0
2025-10-05 12:53:51, MOVE, v:1, k:toalha, mode:BACK
2025-10-05 12:53:55, MOVE, v:1, k:enxugar, mode:PICK
2025-10-05 12:53:57, EXEC, v:1, k:enxugar, mode:FULL, rate:0
2025-10-05 12:54:43, MOVE, v:1, k:toalha, mode:PICK
2025-10-05 12:54:45, MOVE, v:1, k:toalha, mode:BACK
2025-10-05 12:54:47, MOVE, v:1, k:enxugar, mode:PICK
2025-10-05 12:54:49, EXEC, v:1, k:enxugar, mode:FULL, rate:0, size:59
2025-10-05 12:58:10, EXEC, v:1, k:enxugar, mode:FREE, size:59
2025-10-05 12:58:30, MOVE, v:1, k:enxugar, mode:PICK
2025-10-05 12:58:32, EXEC, v:1, k:enxugar, mode:FULL, rate:100
2025-10-05 12:59:29, MOVE, v:1, k:enxugar, mode:BACK
2025-10-05 13:00:03, SELF, v:1, k:enxugar, rate:100, guide:video_aula_senna, alone:10, study:1
2025-10-05 13:01:28, MOVE, v:1, k:toalha, mode:PICK
2025-10-05 13:01:30, EXEC, v:1, k:toalha, mode:LOCK, rate:0
2025-10-05 13:01:49, EXEC, v:1, k:toalha, mode:FREE
2025-10-05 13:04:35, MOVE, v:1, k:toalha, mode:BACK
2025-10-05 13:04:38, MOVE, v:1, k:toalha, mode:DOWN
2025-10-05 13:04:40, MOVE, v:1, k:toalha, mode:PICK
2025-10-05 13:05:05, EXEC, v:1, k:toalha, mode:FREE, size:55
2025-10-05 13:06:10, MOVE, v:1, k:toalha, mode:BACK
2025-10-05 13:06:15, MOVE, v:1, k:enxugar, mode:PICK
2025-10-05 13:06:17, EXEC, v:1, k:enxugar, mode:FULL, rate:100
2025-10-05 13:06:35, MOVE, v:1, k:enxugar, mode:BACK
2025-10-05 13:06:39, MOVE, v:1, k:toalha, mode:PICK
2025-10-05 13:06:41, EXEC, v:1, k:toalha, mode:LOCK, rate:0
2025-10-05 13:06:42, EXEC, v:1, k:toalha, mode:LOCK, rate:0
2025-10-05 13:06:43, EXEC, v:1, k:toalha, mode:LOCK, rate:0
2025-10-05 13:06:43, EXEC, v:1, k:toalha, mode:LOCK, rate:0
2025-10-05 13:06:43, EXEC, v:1, k:toalha, mode:LOCK, rate:0
2025-10-05 13:18:50, EXEC, v:1, k:toalha, mode:FREE, size:55
2025-10-05 13:22:52, EXEC, v:1, k:toalha, mode:FREE
2025-10-05 13:25:12, EXEC, v:1, k:toalha, mode:FREE, size:55
2025-10-05 13:26:55, EXEC, v:1, k:toalha, mode:FREE
2025-10-05 13:30:10, EXEC, v:1, k:toalha, mode:FREE, size:66
2025-10-05 13:32:51, EXEC, v:1, k:toalha, mode:FREE, size:57
2025-10-05 13:33:35, MOVE, v:1, k:toalha, mode:PICK
2025-10-05 13:33:37, EXEC, v:1, k:toalha, mode:LOCK, rate:0
2025-10-05 13:34:36, EXEC, v:1, k:toalha, mode:FREE, size:55
2025-10-05 13:35:27, EXEC, v:1, k:toalha, mode:FREE, size:59
