2025-09-22 16:03:37, MOVE, v:1, k:toalha, mode:PICK
2025-09-22 16:03:39, EXEC, v:1, k:toalha, mode:LOCK, rate:100, size:33
2025-09-22 16:03:41, EXEC, v:1, k:toalha, mode:LOCK, rate:100
2025-09-22 16:03:42, EXEC, v:1, k:toalha, mode:LOCK, rate:100
2025-09-22 16:03:46, EXEC, v:1, k:toalha, mode:LOCK, rate:100
2025-09-22 16:03:47, EXEC, v:1, k:toalha, mode:LOCK, rate:100
2025-09-22 16:03:49, EXEC, v:1, k:toalha, mode:LOCK, rate:100
2025-09-22 16:04:31, EXEC, v:1, k:toalha, mode:FREE, size:36
2025-09-22 16:19:45, MOVE, v:1, k:toalha, mode:BACK
2025-09-22 16:20:14, MOVE, v:1, k:toalha, mode:PICK
2025-09-22 16:20:15, EXEC, v:1, k:toalha, mode:LOCK, rate:0, size:39
2025-09-22 16:20:16, EXEC, v:1, k:toalha, mode:LOCK, rate:0
2025-09-22 16:20:16, EXEC, v:1, k:toalha, mode:LOCK, rate:0
2025-09-22 16:20:17, EXEC, v:1, k:toalha, mode:LOCK, rate:0
2025-09-22 16:20:18, EXEC, v:1, k:toalha, mode:LOCK, rate:0
2025-09-22 16:20:18, EXEC, v:1, k:toalha, mode:LOCK, rate:0
2025-09-22 16:41:53, EXEC, v:1, k:toalha, mode:LOCK, rate:100, size:51
2025-09-22 16:41:55, EXEC, v:1, k:toalha, mode:LOCK, rate:100
2025-09-22 16:41:55, EXEC, v:1, k:toalha, mode:LOCK, rate:100
2025-09-22 16:41:58, EXEC, v:1, k:toalha, mode:FREE
2025-09-22 16:42:48, EXEC, v:1, k:toalha, mode:FREE
2025-09-22 16:43:54, MOVE, v:1, k:toalha, mode:PICK
2025-09-22 16:43:55, EXEC, v:1, k:toalha, mode:LOCK, rate:100
2025-09-22 16:43:55, EXEC, v:1, k:toalha, mode:LOCK, rate:100
2025-09-22 16:43:57, EXEC, v:1, k:toalha, mode:FREE
2025-09-22 17:04:29, MOVE, v:1, k:enxugar, mode:DOWN
2025-09-22 17:04:29, MOVE, v:1, k:enxugar, mode:PICK
2025-09-22 17:04:32, EXEC, v:1, k:enxugar, mode:FULL, rate:0, size:0
